15-Mar-2026 09:55:58.100 INFO [main] org.apache.catalina.core.ApplicationContext.log ContextListener: contextInitialized()
15-Mar-2026 09:55:58.101 INFO [main] org.apache.catalina.core.ApplicationContext.log SessionListener: contextInitialized()
15-Mar-2026 09:55:58.102 INFO [main] org.apache.catalina.core.ApplicationContext.log ContextListener: attributeAdded('StockTicker', 'async.Stockticker@62315f22')
15-Mar-2026 09:55:58.173 INFO [main] org.apache.catalina.core.ApplicationContext.log SessionListener: contextDestroyed()
15-Mar-2026 09:55:58.173 INFO [main] org.apache.catalina.core.ApplicationContext.log ContextListener: contextDestroyed()
15-Mar-2026 09:57:10.192 INFO [main] org.apache.catalina.core.ApplicationContext.log ContextListener: contextInitialized()
15-Mar-2026 09:57:10.192 INFO [main] org.apache.catalina.core.ApplicationContext.log SessionListener: contextInitialized()
15-Mar-2026 09:57:10.194 INFO [main] org.apache.catalina.core.ApplicationContext.log ContextListener: attributeAdded('StockTicker', 'async.Stockticker@1ca25c47')
15-Mar-2026 09:57:53.469 INFO [main] org.apache.catalina.core.ApplicationContext.log SessionListener: contextDestroyed()
15-Mar-2026 09:57:53.469 INFO [main] org.apache.catalina.core.ApplicationContext.log ContextListener: contextDestroyed()
15-Mar-2026 09:57:55.187 INFO [main] org.apache.catalina.core.ApplicationContext.log ContextListener: contextInitialized()
15-Mar-2026 09:57:55.187 INFO [main] org.apache.catalina.core.ApplicationContext.log SessionListener: contextInitialized()
15-Mar-2026 09:57:55.188 INFO [main] org.apache.catalina.core.ApplicationContext.log ContextListener: attributeAdded('StockTicker', 'async.Stockticker@5fcacc0')
15-Mar-2026 09:58:45.967 INFO [main] org.apache.catalina.core.ApplicationContext.log SessionListener: contextDestroyed()
15-Mar-2026 09:58:45.967 INFO [main] org.apache.catalina.core.ApplicationContext.log ContextListener: contextDestroyed()
15-Mar-2026 09:58:47.599 INFO [main] org.apache.catalina.core.ApplicationContext.log ContextListener: contextInitialized()
15-Mar-2026 09:58:47.600 INFO [main] org.apache.catalina.core.ApplicationContext.log SessionListener: contextInitialized()
15-Mar-2026 09:58:47.601 INFO [main] org.apache.catalina.core.ApplicationContext.log ContextListener: attributeAdded('StockTicker', 'async.Stockticker@1849db1a')
15-Mar-2026 10:05:45.415 INFO [main] org.apache.catalina.core.ApplicationContext.log SessionListener: contextDestroyed()
15-Mar-2026 10:05:45.415 INFO [main] org.apache.catalina.core.ApplicationContext.log ContextListener: contextDestroyed()
15-Mar-2026 10:05:47.114 INFO [main] org.apache.catalina.core.ApplicationContext.log ContextListener: contextInitialized()
15-Mar-2026 10:05:47.114 INFO [main] org.apache.catalina.core.ApplicationContext.log SessionListener: contextInitialized()
15-Mar-2026 10:05:47.118 INFO [main] org.apache.catalina.core.ApplicationContext.log ContextListener: attributeAdded('StockTicker', 'async.Stockticker@5fcacc0')
15-Mar-2026 10:06:03.587 INFO [main] org.apache.catalina.core.ApplicationContext.log SessionListener: contextDestroyed()
15-Mar-2026 10:06:03.587 INFO [main] org.apache.catalina.core.ApplicationContext.log ContextListener: contextDestroyed()
15-Mar-2026 10:06:05.251 INFO [main] org.apache.catalina.core.ApplicationContext.log ContextListener: contextInitialized()
15-Mar-2026 10:06:05.251 INFO [main] org.apache.catalina.core.ApplicationContext.log SessionListener: contextInitialized()
15-Mar-2026 10:06:05.252 INFO [main] org.apache.catalina.core.ApplicationContext.log ContextListener: attributeAdded('StockTicker', 'async.Stockticker@29a60c27')
15-Mar-2026 10:06:28.896 INFO [main] org.apache.catalina.core.ApplicationContext.log SessionListener: contextDestroyed()
15-Mar-2026 10:06:28.896 INFO [main] org.apache.catalina.core.ApplicationContext.log ContextListener: contextDestroyed()
15-Mar-2026 10:06:30.546 INFO [main] org.apache.catalina.core.ApplicationContext.log ContextListener: contextInitialized()
15-Mar-2026 10:06:30.547 INFO [main] org.apache.catalina.core.ApplicationContext.log SessionListener: contextInitialized()
15-Mar-2026 10:06:30.548 INFO [main] org.apache.catalina.core.ApplicationContext.log ContextListener: attributeAdded('StockTicker', 'async.Stockticker@1ca25c47')
15-Mar-2026 10:08:15.082 INFO [main] org.apache.catalina.core.ApplicationContext.log SessionListener: contextDestroyed()
15-Mar-2026 10:08:15.082 INFO [main] org.apache.catalina.core.ApplicationContext.log ContextListener: contextDestroyed()
15-Mar-2026 10:08:19.841 INFO [main] org.apache.catalina.core.ApplicationContext.log ContextListener: contextInitialized()
15-Mar-2026 10:08:19.842 INFO [main] org.apache.catalina.core.ApplicationContext.log SessionListener: contextInitialized()
15-Mar-2026 10:08:19.843 INFO [main] org.apache.catalina.core.ApplicationContext.log ContextListener: attributeAdded('StockTicker', 'async.Stockticker@9d157ff')
15-Mar-2026 10:14:50.927 INFO [main] org.apache.catalina.core.ApplicationContext.log SessionListener: contextDestroyed()
15-Mar-2026 10:14:50.928 INFO [main] org.apache.catalina.core.ApplicationContext.log ContextListener: contextDestroyed()
15-Mar-2026 10:14:55.983 INFO [main] org.apache.catalina.core.ApplicationContext.log ContextListener: contextInitialized()
15-Mar-2026 10:14:55.983 INFO [main] org.apache.catalina.core.ApplicationContext.log SessionListener: contextInitialized()
15-Mar-2026 10:14:55.984 INFO [main] org.apache.catalina.core.ApplicationContext.log ContextListener: attributeAdded('StockTicker', 'async.Stockticker@9d157ff')
15-Mar-2026 10:43:49.383 INFO [main] org.apache.catalina.core.ApplicationContext.log SessionListener: contextDestroyed()
15-Mar-2026 10:43:49.383 INFO [main] org.apache.catalina.core.ApplicationContext.log ContextListener: contextDestroyed()
15-Mar-2026 10:43:54.105 INFO [main] org.apache.catalina.core.ApplicationContext.log ContextListener: contextInitialized()
15-Mar-2026 10:43:54.105 INFO [main] org.apache.catalina.core.ApplicationContext.log SessionListener: contextInitialized()
15-Mar-2026 10:43:54.106 INFO [main] org.apache.catalina.core.ApplicationContext.log ContextListener: attributeAdded('StockTicker', 'async.Stockticker@191ae03f')
15-Mar-2026 10:45:30.233 INFO [main] org.apache.catalina.core.ApplicationContext.log SessionListener: contextDestroyed()
15-Mar-2026 10:45:30.233 INFO [main] org.apache.catalina.core.ApplicationContext.log ContextListener: contextDestroyed()
15-Mar-2026 10:45:34.898 INFO [main] org.apache.catalina.core.ApplicationContext.log ContextListener: contextInitialized()
15-Mar-2026 10:45:34.898 INFO [main] org.apache.catalina.core.ApplicationContext.log SessionListener: contextInitialized()
15-Mar-2026 10:45:34.901 INFO [main] org.apache.catalina.core.ApplicationContext.log ContextListener: attributeAdded('StockTicker', 'async.Stockticker@4f936da8')
15-Mar-2026 10:47:11.681 INFO [main] org.apache.catalina.core.ApplicationContext.log SessionListener: contextDestroyed()
15-Mar-2026 10:47:11.681 INFO [main] org.apache.catalina.core.ApplicationContext.log ContextListener: contextDestroyed()
15-Mar-2026 10:47:16.447 INFO [main] org.apache.catalina.core.ApplicationContext.log ContextListener: contextInitialized()
15-Mar-2026 10:47:16.448 INFO [main] org.apache.catalina.core.ApplicationContext.log SessionListener: contextInitialized()
15-Mar-2026 10:47:16.449 INFO [main] org.apache.catalina.core.ApplicationContext.log ContextListener: attributeAdded('StockTicker', 'async.Stockticker@29a60c27')
15-Mar-2026 10:49:03.060 INFO [main] org.apache.catalina.core.ApplicationContext.log SessionListener: contextDestroyed()
15-Mar-2026 10:49:03.061 INFO [main] org.apache.catalina.core.ApplicationContext.log ContextListener: contextDestroyed()
15-Mar-2026 10:49:07.738 INFO [main] org.apache.catalina.core.ApplicationContext.log ContextListener: contextInitialized()
15-Mar-2026 10:49:07.738 INFO [main] org.apache.catalina.core.ApplicationContext.log SessionListener: contextInitialized()
15-Mar-2026 10:49:07.739 INFO [main] org.apache.catalina.core.ApplicationContext.log ContextListener: attributeAdded('StockTicker', 'async.Stockticker@3e2943ab')
15-Mar-2026 10:51:00.316 INFO [main] org.apache.catalina.core.ApplicationContext.log SessionListener: contextDestroyed()
15-Mar-2026 10:51:00.316 INFO [main] org.apache.catalina.core.ApplicationContext.log ContextListener: contextDestroyed()
15-Mar-2026 10:51:05.002 INFO [main] org.apache.catalina.core.ApplicationContext.log ContextListener: contextInitialized()
15-Mar-2026 10:51:05.002 INFO [main] org.apache.catalina.core.ApplicationContext.log SessionListener: contextInitialized()
15-Mar-2026 10:51:05.004 INFO [main] org.apache.catalina.core.ApplicationContext.log ContextListener: attributeAdded('StockTicker', 'async.Stockticker@5fcacc0')
15-Mar-2026 10:52:51.008 INFO [main] org.apache.catalina.core.ApplicationContext.log SessionListener: contextDestroyed()
15-Mar-2026 10:52:51.008 INFO [main] org.apache.catalina.core.ApplicationContext.log ContextListener: contextDestroyed()
15-Mar-2026 10:52:57.755 INFO [main] org.apache.catalina.core.ApplicationContext.log ContextListener: contextInitialized()
15-Mar-2026 10:52:57.756 INFO [main] org.apache.catalina.core.ApplicationContext.log SessionListener: contextInitialized()
15-Mar-2026 10:52:57.757 INFO [main] org.apache.catalina.core.ApplicationContext.log ContextListener: attributeAdded('StockTicker', 'async.Stockticker@35beb15e')
15-Mar-2026 10:54:45.456 INFO [main] org.apache.catalina.core.ApplicationContext.log SessionListener: contextDestroyed()
15-Mar-2026 10:54:45.456 INFO [main] org.apache.catalina.core.ApplicationContext.log ContextListener: contextDestroyed()
15-Mar-2026 10:54:50.235 INFO [main] org.apache.catalina.core.ApplicationContext.log ContextListener: contextInitialized()
15-Mar-2026 10:54:50.235 INFO [main] org.apache.catalina.core.ApplicationContext.log SessionListener: contextInitialized()
15-Mar-2026 10:54:50.238 INFO [main] org.apache.catalina.core.ApplicationContext.log ContextListener: attributeAdded('StockTicker', 'async.Stockticker@37f21974')
15-Mar-2026 10:59:45.683 INFO [main] org.apache.catalina.core.ApplicationContext.log SessionListener: contextDestroyed()
15-Mar-2026 10:59:45.683 INFO [main] org.apache.catalina.core.ApplicationContext.log ContextListener: contextDestroyed()
15-Mar-2026 10:59:50.694 INFO [main] org.apache.catalina.core.ApplicationContext.log ContextListener: contextInitialized()
15-Mar-2026 10:59:50.694 INFO [main] org.apache.catalina.core.ApplicationContext.log SessionListener: contextInitialized()
15-Mar-2026 10:59:50.695 INFO [main] org.apache.catalina.core.ApplicationContext.log ContextListener: attributeAdded('StockTicker', 'async.Stockticker@19ccca5')
15-Mar-2026 11:10:59.135 INFO [main] org.apache.catalina.core.ApplicationContext.log SessionListener: contextDestroyed()
15-Mar-2026 11:10:59.135 INFO [main] org.apache.catalina.core.ApplicationContext.log ContextListener: contextDestroyed()
15-Mar-2026 11:11:04.142 INFO [main] org.apache.catalina.core.ApplicationContext.log ContextListener: contextInitialized()
15-Mar-2026 11:11:04.144 INFO [main] org.apache.catalina.core.ApplicationContext.log SessionListener: contextInitialized()
15-Mar-2026 11:11:04.145 INFO [main] org.apache.catalina.core.ApplicationContext.log ContextListener: attributeAdded('StockTicker', 'async.Stockticker@28a6301f')
15-Mar-2026 11:11:51.994 SEVERE [http-nio-8080-exec-5] org.apache.catalina.core.StandardWrapperValve.invoke Servlet.service() for servlet [jsp] in context with path [/Project] threw exception [An exception occurred processing [CView.jsp] at line [186]

183:         <div class="detail-icon"><i class="fa fa-user"></i></div>
184:         <div class="detail-content">
185:           <div class="detail-label">Username</div>
186:           <div class="detail-value"><%= crb.getCuName() %></div>
187:         </div>
188:       </div>
189:       <div class="detail-row">


Stacktrace:] with root cause
	java.lang.NullPointerException: Cannot invoke "test.CRegBean.getCuName()" because "crb" is null
		at org.apache.jsp.CView_jsp._jspService(CView_jsp.java:304)
		at org.apache.jasper.runtime.HttpJspBase.service(HttpJspBase.java:67)
		at javax.servlet.http.HttpServlet.service(HttpServlet.java:623)
		at org.apache.jasper.servlet.JspServletWrapper.service(JspServletWrapper.java:466)
		at org.apache.jasper.servlet.JspServlet.serviceJspFile(JspServlet.java:376)
		at org.apache.jasper.servlet.JspServlet.service(JspServlet.java:324)
		at javax.servlet.http.HttpServlet.service(HttpServlet.java:623)
		at org.apache.catalina.core.ApplicationFilterChain.internalDoFilter(ApplicationFilterChain.java:199)
		at org.apache.catalina.core.ApplicationFilterChain.doFilter(ApplicationFilterChain.java:144)
		at org.apache.tomcat.websocket.server.WsFilter.doFilter(WsFilter.java:51)
		at org.apache.catalina.core.ApplicationFilterChain.internalDoFilter(ApplicationFilterChain.java:168)
		at org.apache.catalina.core.ApplicationFilterChain.doFilter(ApplicationFilterChain.java:144)
		at org.apache.catalina.core.StandardWrapperValve.invoke(StandardWrapperValve.java:168)
		at org.apache.catalina.core.StandardContextValve.invoke(StandardContextValve.java:90)
		at org.apache.catalina.authenticator.AuthenticatorBase.invoke(AuthenticatorBase.java:482)
		at org.apache.catalina.core.StandardHostValve.invoke(StandardHostValve.java:130)
		at org.apache.catalina.valves.ErrorReportValve.invoke(ErrorReportValve.java:93)
		at org.apache.catalina.valves.AbstractAccessLogValve.invoke(AbstractAccessLogValve.java:660)
		at org.apache.catalina.core.StandardEngineValve.invoke(StandardEngineValve.java:74)
		at org.apache.catalina.connector.CoyoteAdapter.service(CoyoteAdapter.java:346)
		at org.apache.coyote.http11.Http11Processor.service(Http11Processor.java:388)
		at org.apache.coyote.AbstractProcessorLight.process(AbstractProcessorLight.java:63)
		at org.apache.coyote.AbstractProtocol$ConnectionHandler.process(AbstractProtocol.java:936)
		at org.apache.tomcat.util.net.NioEndpoint$SocketProcessor.doRun(NioEndpoint.java:1791)
		at org.apache.tomcat.util.net.SocketProcessorBase.run(SocketProcessorBase.java:52)
		at org.apache.tomcat.util.threads.ThreadPoolExecutor.runWorker(ThreadPoolExecutor.java:1190)
		at org.apache.tomcat.util.threads.ThreadPoolExecutor$Worker.run(ThreadPoolExecutor.java:659)
		at org.apache.tomcat.util.threads.TaskThread$WrappingRunnable.run(TaskThread.java:63)
		at java.base/java.lang.Thread.run(Thread.java:840)
15-Mar-2026 11:13:37.549 INFO [main] org.apache.catalina.core.ApplicationContext.log SessionListener: contextDestroyed()
15-Mar-2026 11:13:37.550 INFO [main] org.apache.catalina.core.ApplicationContext.log ContextListener: contextDestroyed()
15-Mar-2026 11:13:42.486 INFO [main] org.apache.catalina.core.ApplicationContext.log ContextListener: contextInitialized()
15-Mar-2026 11:13:42.486 INFO [main] org.apache.catalina.core.ApplicationContext.log SessionListener: contextInitialized()
15-Mar-2026 11:13:42.487 INFO [main] org.apache.catalina.core.ApplicationContext.log ContextListener: attributeAdded('StockTicker', 'async.Stockticker@49798e84')
15-Mar-2026 11:15:01.685 INFO [main] org.apache.catalina.core.ApplicationContext.log SessionListener: contextDestroyed()
15-Mar-2026 11:15:01.686 INFO [main] org.apache.catalina.core.ApplicationContext.log ContextListener: contextDestroyed()
15-Mar-2026 11:15:06.675 INFO [main] org.apache.catalina.core.ApplicationContext.log ContextListener: contextInitialized()
15-Mar-2026 11:15:06.676 INFO [main] org.apache.catalina.core.ApplicationContext.log SessionListener: contextInitialized()
15-Mar-2026 11:15:06.677 INFO [main] org.apache.catalina.core.ApplicationContext.log ContextListener: attributeAdded('StockTicker', 'async.Stockticker@5af97169')
15-Mar-2026 11:20:19.417 INFO [main] org.apache.catalina.core.ApplicationContext.log SessionListener: contextDestroyed()
15-Mar-2026 11:20:19.417 INFO [main] org.apache.catalina.core.ApplicationContext.log ContextListener: contextDestroyed()
15-Mar-2026 11:20:24.396 INFO [main] org.apache.catalina.core.ApplicationContext.log ContextListener: contextInitialized()
15-Mar-2026 11:20:24.396 INFO [main] org.apache.catalina.core.ApplicationContext.log SessionListener: contextInitialized()
15-Mar-2026 11:20:24.397 INFO [main] org.apache.catalina.core.ApplicationContext.log ContextListener: attributeAdded('StockTicker', 'async.Stockticker@59429fac')
15-Mar-2026 11:22:57.414 INFO [main] org.apache.catalina.core.ApplicationContext.log SessionListener: contextDestroyed()
15-Mar-2026 11:22:57.416 INFO [main] org.apache.catalina.core.ApplicationContext.log ContextListener: contextDestroyed()
15-Mar-2026 11:23:02.485 INFO [main] org.apache.catalina.core.ApplicationContext.log ContextListener: contextInitialized()
15-Mar-2026 11:23:02.486 INFO [main] org.apache.catalina.core.ApplicationContext.log SessionListener: contextInitialized()
15-Mar-2026 11:23:02.487 INFO [main] org.apache.catalina.core.ApplicationContext.log ContextListener: attributeAdded('StockTicker', 'async.Stockticker@7c6442c2')
15-Mar-2026 11:27:09.990 INFO [main] org.apache.catalina.core.ApplicationContext.log SessionListener: contextDestroyed()
15-Mar-2026 11:27:09.990 INFO [main] org.apache.catalina.core.ApplicationContext.log ContextListener: contextDestroyed()
15-Mar-2026 11:27:14.943 INFO [main] org.apache.catalina.core.ApplicationContext.log ContextListener: contextInitialized()
15-Mar-2026 11:27:14.943 INFO [main] org.apache.catalina.core.ApplicationContext.log SessionListener: contextInitialized()
15-Mar-2026 11:27:14.944 INFO [main] org.apache.catalina.core.ApplicationContext.log ContextListener: attributeAdded('StockTicker', 'async.Stockticker@5dbf5634')
15-Mar-2026 11:29:23.099 INFO [main] org.apache.catalina.core.ApplicationContext.log SessionListener: contextDestroyed()
15-Mar-2026 11:29:23.099 INFO [main] org.apache.catalina.core.ApplicationContext.log ContextListener: contextDestroyed()
15-Mar-2026 11:29:28.082 INFO [main] org.apache.catalina.core.ApplicationContext.log ContextListener: contextInitialized()
15-Mar-2026 11:29:28.083 INFO [main] org.apache.catalina.core.ApplicationContext.log SessionListener: contextInitialized()
15-Mar-2026 11:29:28.084 INFO [main] org.apache.catalina.core.ApplicationContext.log ContextListener: attributeAdded('StockTicker', 'async.Stockticker@5dbf5634')
15-Mar-2026 11:39:22.798 INFO [main] org.apache.catalina.core.ApplicationContext.log SessionListener: contextDestroyed()
15-Mar-2026 11:39:22.799 INFO [main] org.apache.catalina.core.ApplicationContext.log ContextListener: contextDestroyed()
15-Mar-2026 11:39:27.840 INFO [main] org.apache.catalina.core.ApplicationContext.log ContextListener: contextInitialized()
15-Mar-2026 11:39:27.840 INFO [main] org.apache.catalina.core.ApplicationContext.log SessionListener: contextInitialized()
15-Mar-2026 11:39:27.841 INFO [main] org.apache.catalina.core.ApplicationContext.log ContextListener: attributeAdded('StockTicker', 'async.Stockticker@2a22ad2b')
15-Mar-2026 11:42:54.414 INFO [main] org.apache.catalina.core.ApplicationContext.log SessionListener: contextDestroyed()
15-Mar-2026 11:42:54.414 INFO [main] org.apache.catalina.core.ApplicationContext.log ContextListener: contextDestroyed()
15-Mar-2026 11:42:59.411 INFO [main] org.apache.catalina.core.ApplicationContext.log ContextListener: contextInitialized()
15-Mar-2026 11:42:59.411 INFO [main] org.apache.catalina.core.ApplicationContext.log SessionListener: contextInitialized()
15-Mar-2026 11:42:59.412 INFO [main] org.apache.catalina.core.ApplicationContext.log ContextListener: attributeAdded('StockTicker', 'async.Stockticker@2d746ce4')
15-Mar-2026 11:46:24.130 INFO [main] org.apache.catalina.core.ApplicationContext.log SessionListener: contextDestroyed()
15-Mar-2026 11:46:24.131 INFO [main] org.apache.catalina.core.ApplicationContext.log ContextListener: contextDestroyed()
15-Mar-2026 11:46:29.137 INFO [main] org.apache.catalina.core.ApplicationContext.log ContextListener: contextInitialized()
15-Mar-2026 11:46:29.137 INFO [main] org.apache.catalina.core.ApplicationContext.log SessionListener: contextInitialized()
15-Mar-2026 11:46:29.140 INFO [main] org.apache.catalina.core.ApplicationContext.log ContextListener: attributeAdded('StockTicker', 'async.Stockticker@31da6b2e')
15-Mar-2026 11:53:47.945 INFO [main] org.apache.catalina.core.ApplicationContext.log SessionListener: contextDestroyed()
15-Mar-2026 11:53:47.945 INFO [main] org.apache.catalina.core.ApplicationContext.log ContextListener: contextDestroyed()
15-Mar-2026 11:53:52.847 INFO [main] org.apache.catalina.core.ApplicationContext.log ContextListener: contextInitialized()
15-Mar-2026 11:53:52.848 INFO [main] org.apache.catalina.core.ApplicationContext.log SessionListener: contextInitialized()
15-Mar-2026 11:53:52.849 INFO [main] org.apache.catalina.core.ApplicationContext.log ContextListener: attributeAdded('StockTicker', 'async.Stockticker@2a22ad2b')
15-Mar-2026 12:05:02.129 INFO [main] org.apache.catalina.core.ApplicationContext.log SessionListener: contextDestroyed()
15-Mar-2026 12:05:02.129 INFO [main] org.apache.catalina.core.ApplicationContext.log ContextListener: contextDestroyed()
15-Mar-2026 12:05:07.045 INFO [main] org.apache.catalina.core.ApplicationContext.log ContextListener: contextInitialized()
15-Mar-2026 12:05:07.045 INFO [main] org.apache.catalina.core.ApplicationContext.log SessionListener: contextInitialized()
15-Mar-2026 12:05:07.047 INFO [main] org.apache.catalina.core.ApplicationContext.log ContextListener: attributeAdded('StockTicker', 'async.Stockticker@515ebef3')
15-Mar-2026 12:05:59.603 INFO [main] org.apache.catalina.core.ApplicationContext.log SessionListener: contextDestroyed()
15-Mar-2026 12:05:59.603 INFO [main] org.apache.catalina.core.ApplicationContext.log ContextListener: contextDestroyed()
15-Mar-2026 12:06:04.629 INFO [main] org.apache.catalina.core.ApplicationContext.log ContextListener: contextInitialized()
15-Mar-2026 12:06:04.630 INFO [main] org.apache.catalina.core.ApplicationContext.log SessionListener: contextInitialized()
15-Mar-2026 12:06:04.631 INFO [main] org.apache.catalina.core.ApplicationContext.log ContextListener: attributeAdded('StockTicker', 'async.Stockticker@121c54fa')
